<?xml version="1.0" encoding="UTF-8"?>
<!-- Generated by org.testng.reporters.JUnitReportReporter -->
<testsuite skipped="0" hostname="wachira" name="workingTestNG.LoginTest" tests="1" failures="0" timestamp="10 Oct 2022 18:13:26 GMT" time="5.280" errors="0">
  <testcase name="login" time="5.280" classname="workingTestNG.LoginTest"/>
</testsuite> <!-- workingTestNG.LoginTest -->
